[0229/215044.389:INFO:CONSOLE(0)] "Error with Permissions-Policy header: Feature xr-spatial-tracking's parameters are ignored.", source:  (0)
[0229/215044.389:INFO:CONSOLE(0)] "Error with Permissions-Policy header: Unrecognized feature: 'ambient-light-sensor'.", source:  (0)
[0229/215044.389:INFO:CONSOLE(0)] "Error with Permissions-Policy header: Unrecognized feature: 'bluetooth'.", source:  (0)
[0229/215044.389:INFO:CONSOLE(0)] "Error with Permissions-Policy header: Unrecognized feature: 'gamepad'.", source:  (0)
[0229/215044.390:INFO:CONSOLE(0)] "Error with Permissions-Policy header: Unrecognized feature: 'local-fonts'.", source:  (0)
[0229/215044.391:INFO:CONSOLE(0)] "Error with Permissions-Policy header: Unrecognized feature: 'window-management'.", source:  (0)
[0229/215044.391:INFO:CONSOLE(0)] "Error with Permissions-Policy-Report-Only header: Feature picture-in-picture's parameters are ignored.", source:  (0)
[0229/215124.843:INFO:CONSOLE(0)] "Uncaught (in promise) TimeoutError", source: https://web.whatsapp.com/WAWebWorker.68f62ec7071acf4a54a6.worker.js (0)
[0229/215129.517:INFO:CONSOLE(0)] "Uncaught (in promise) TimeoutError", source: https://web.whatsapp.com/WAWebWorker.68f62ec7071acf4a54a6.worker.js (0)
[0229/215248.434:INFO:CONSOLE(2)] "Uncaught (in promise) Error: Comms::sendIq called before startComms", source: https://web.whatsapp.com/vendor1~app.6bd0798bf8d46303b447.js (2)
[0229/215248.442:INFO:CONSOLE(2)] "Uncaught (in promise) Error: Comms::sendIq called before startComms", source: https://web.whatsapp.com/ (2)
[0229/215249.360:INFO:CONSOLE(2)] "Uncaught (in promise) DbOnLogoutAbortError: dropping db write operation due to logout", source: https://web.whatsapp.com/vendor1~app.6bd0798bf8d46303b447.js (2)
[0229/215249.479:INFO:CONSOLE(2)] "Uncaught (in promise) LogoutDrop: adding to store when blocking store adds", source: https://web.whatsapp.com/vendor1~app.6bd0798bf8d46303b447.js (2)
[0229/215249.607:INFO:CONSOLE(2)] "Uncaught (in promise) Error: Comms::sendIq called before startComms", source: https://web.whatsapp.com/vendor1~app.6bd0798bf8d46303b447.js (2)
[0229/215250.501:INFO:CONSOLE(215)] "Another connection wants to delete database 'wawc_db_enc'. Closing db now to resume the delete request.", source: https://web.whatsapp.com/WAWebWorker.68f62ec7071acf4a54a6.worker.js (215)
[0229/215250.507:INFO:CONSOLE(216)] "Another connection wants to delete database 'wawc_db_enc'. Closing db now to resume the delete request.", source: https://web.whatsapp.com/app.1348daccac22f513cdcb.js (216)
[0229/215250.699:INFO:CONSOLE(0)] "Uncaught (in promise) DbOnLogoutAbortError: dropping db write operation due to logout", source: https://web.whatsapp.com/ (0)
[0229/215253.524:INFO:CONSOLE(0)] "Error with Permissions-Policy header: Feature xr-spatial-tracking's parameters are ignored.", source:  (0)
[0229/215253.525:INFO:CONSOLE(0)] "Error with Permissions-Policy header: Unrecognized feature: 'ambient-light-sensor'.", source:  (0)
[0229/215253.526:INFO:CONSOLE(0)] "Error with Permissions-Policy header: Unrecognized feature: 'bluetooth'.", source:  (0)
[0229/215253.527:INFO:CONSOLE(0)] "Error with Permissions-Policy header: Unrecognized feature: 'gamepad'.", source:  (0)
[0229/215253.528:INFO:CONSOLE(0)] "Error with Permissions-Policy header: Unrecognized feature: 'local-fonts'.", source:  (0)
[0229/215253.529:INFO:CONSOLE(0)] "Error with Permissions-Policy header: Unrecognized feature: 'window-management'.", source:  (0)
[0229/215253.530:INFO:CONSOLE(0)] "Error with Permissions-Policy-Report-Only header: Feature picture-in-picture's parameters are ignored.", source:  (0)
[0229/215301.767:INFO:CONSOLE(215)] "Another connection wants to delete database 'wawc'. Closing db now to resume the delete request.", source: https://web.whatsapp.com/serviceworker.js (215)
[0229/215301.767:INFO:CONSOLE(215)] "Another connection wants to delete database 'wawc'. Closing db now to resume the delete request.", source: https://web.whatsapp.com/serviceworker.js (215)
[0229/215308.194:INFO:CONSOLE(0)] "Error with Permissions-Policy header: Feature xr-spatial-tracking's parameters are ignored.", source:  (0)
[0229/215308.195:INFO:CONSOLE(0)] "Error with Permissions-Policy header: Unrecognized feature: 'ambient-light-sensor'.", source:  (0)
[0229/215308.196:INFO:CONSOLE(0)] "Error with Permissions-Policy header: Unrecognized feature: 'bluetooth'.", source:  (0)
[0229/215308.197:INFO:CONSOLE(0)] "Error with Permissions-Policy header: Unrecognized feature: 'gamepad'.", source:  (0)
[0229/215308.198:INFO:CONSOLE(0)] "Error with Permissions-Policy header: Unrecognized feature: 'local-fonts'.", source:  (0)
[0229/215308.199:INFO:CONSOLE(0)] "Error with Permissions-Policy header: Unrecognized feature: 'window-management'.", source:  (0)
[0229/215308.199:INFO:CONSOLE(0)] "Error with Permissions-Policy-Report-Only header: Feature picture-in-picture's parameters are ignored.", source:  (0)
