[0301/111114.717:INFO:CONSOLE(0)] "Error with Permissions-Policy header: Feature xr-spatial-tracking's parameters are ignored.", source:  (0)
[0301/111114.718:INFO:CONSOLE(0)] "Error with Permissions-Policy header: Unrecognized feature: 'ambient-light-sensor'.", source:  (0)
[0301/111114.718:INFO:CONSOLE(0)] "Error with Permissions-Policy header: Unrecognized feature: 'bluetooth'.", source:  (0)
[0301/111114.719:INFO:CONSOLE(0)] "Error with Permissions-Policy header: Unrecognized feature: 'gamepad'.", source:  (0)
[0301/111114.719:INFO:CONSOLE(0)] "Error with Permissions-Policy header: Unrecognized feature: 'local-fonts'.", source:  (0)
[0301/111114.720:INFO:CONSOLE(0)] "Error with Permissions-Policy header: Unrecognized feature: 'window-management'.", source:  (0)
[0301/111114.720:INFO:CONSOLE(0)] "Error with Permissions-Policy-Report-Only header: Feature picture-in-picture's parameters are ignored.", source:  (0)
[0301/111141.907:INFO:CONSOLE(215)] "Another connection wants to delete database 'wawc_db_enc'. Closing db now to resume the delete request.", source: https://web.whatsapp.com/WAWebWorker.68f62ec7071acf4a54a6.worker.js (215)
[0301/111141.908:INFO:CONSOLE(216)] "Another connection wants to delete database 'wawc_db_enc'. Closing db now to resume the delete request.", source: https://web.whatsapp.com/app.1348daccac22f513cdcb.js (216)
[0301/111142.810:INFO:CONSOLE(0)] "Error with Permissions-Policy header: Feature xr-spatial-tracking's parameters are ignored.", source:  (0)
[0301/111142.811:INFO:CONSOLE(0)] "Error with Permissions-Policy header: Unrecognized feature: 'ambient-light-sensor'.", source:  (0)
[0301/111142.811:INFO:CONSOLE(0)] "Error with Permissions-Policy header: Unrecognized feature: 'bluetooth'.", source:  (0)
[0301/111142.811:INFO:CONSOLE(0)] "Error with Permissions-Policy header: Unrecognized feature: 'gamepad'.", source:  (0)
[0301/111142.811:INFO:CONSOLE(0)] "Error with Permissions-Policy header: Unrecognized feature: 'local-fonts'.", source:  (0)
[0301/111142.811:INFO:CONSOLE(0)] "Error with Permissions-Policy header: Unrecognized feature: 'window-management'.", source:  (0)
[0301/111142.811:INFO:CONSOLE(0)] "Error with Permissions-Policy-Report-Only header: Feature picture-in-picture's parameters are ignored.", source:  (0)
[0301/111146.779:INFO:CONSOLE(215)] "Another connection wants to delete database 'wawc'. Closing db now to resume the delete request.", source: https://web.whatsapp.com/serviceworker.js (215)
[0301/111146.779:INFO:CONSOLE(215)] "Another connection wants to delete database 'wawc'. Closing db now to resume the delete request.", source: https://web.whatsapp.com/serviceworker.js (215)
[0301/111149.825:INFO:CONSOLE(0)] "Error with Permissions-Policy header: Feature xr-spatial-tracking's parameters are ignored.", source:  (0)
[0301/111149.825:INFO:CONSOLE(0)] "Error with Permissions-Policy header: Unrecognized feature: 'ambient-light-sensor'.", source:  (0)
[0301/111149.825:INFO:CONSOLE(0)] "Error with Permissions-Policy header: Unrecognized feature: 'bluetooth'.", source:  (0)
[0301/111149.825:INFO:CONSOLE(0)] "Error with Permissions-Policy header: Unrecognized feature: 'gamepad'.", source:  (0)
[0301/111149.825:INFO:CONSOLE(0)] "Error with Permissions-Policy header: Unrecognized feature: 'local-fonts'.", source:  (0)
[0301/111149.825:INFO:CONSOLE(0)] "Error with Permissions-Policy header: Unrecognized feature: 'window-management'.", source:  (0)
[0301/111149.825:INFO:CONSOLE(0)] "Error with Permissions-Policy-Report-Only header: Feature picture-in-picture's parameters are ignored.", source:  (0)
[0301/111309.716:ERROR:cache_util_win.cc(20)] Unable to move the cache: Acesso negado. (0x5)
[0301/111309.716:ERROR:cache_util.cc(146)] Unable to move cache folder C:\Users\matma\Desktop\freelas\wppJoao\wpp-joao\.wwebjs_auth\session-client-3\Default\GPUCache to C:\Users\matma\Desktop\freelas\wppJoao\wpp-joao\.wwebjs_auth\session-client-3\Default\old_GPUCache_000
[0301/111309.716:ERROR:disk_cache.cc(192)] Unable to create cache
[0301/111309.717:ERROR:shader_disk_cache.cc(612)] Shader Cache Creation failed: -2
[0301/111312.804:ERROR:service_worker_storage.cc(1904)] Failed to delete the database: Database IO error
[0301/111313.774:ERROR:cache_util_win.cc(20)] Unable to move the cache: Acesso negado. (0x5)
[0301/111313.775:ERROR:cache_util.cc(146)] Unable to move cache folder C:\Users\matma\Desktop\freelas\wppJoao\wpp-joao\.wwebjs_auth\session-client-3\Default\Cache\Cache_Data to C:\Users\matma\Desktop\freelas\wppJoao\wpp-joao\.wwebjs_auth\session-client-3\Default\Cache\old_Cache_Data_000
[0301/111313.775:ERROR:disk_cache.cc(192)] Unable to create cache
[0301/111318.162:INFO:CONSOLE(0)] "Error with Permissions-Policy header: Feature xr-spatial-tracking's parameters are ignored.", source:  (0)
[0301/111318.162:INFO:CONSOLE(0)] "Error with Permissions-Policy header: Unrecognized feature: 'ambient-light-sensor'.", source:  (0)
[0301/111318.162:INFO:CONSOLE(0)] "Error with Permissions-Policy header: Unrecognized feature: 'bluetooth'.", source:  (0)
[0301/111318.162:INFO:CONSOLE(0)] "Error with Permissions-Policy header: Unrecognized feature: 'gamepad'.", source:  (0)
[0301/111318.162:INFO:CONSOLE(0)] "Error with Permissions-Policy header: Unrecognized feature: 'local-fonts'.", source:  (0)
[0301/111318.162:INFO:CONSOLE(0)] "Error with Permissions-Policy header: Unrecognized feature: 'window-management'.", source:  (0)
[0301/111318.163:INFO:CONSOLE(0)] "Error with Permissions-Policy-Report-Only header: Feature picture-in-picture's parameters are ignored.", source:  (0)
